[    0.000000] Initializing cgroup subsys cpuset
[    0.000000] Initializing cgroup subsys cpu
[    0.000000] Initializing cgroup subsys cpuacct
[    0.000000] Linux version 4.4.0-93-generic (buildd@lgw01-03) (gcc version 5.4.0 20160609 (Ubuntu 5.4.0-6ubuntu1~16.04.4) ) #116-Ubuntu SMP Fri Aug 11 21:17:51 UTC 2017 (Ubuntu 4.4.0-93.116-generic 4.4.79)
[    0.000000] Command line: BOOT_IMAGE=/boot/vmlinuz-4.4.0-93-generic root=LABEL=cloudimg-rootfs ro console=tty1 console=ttyS0
[    0.000000] KERNEL supported cpus:
[    0.000000]   Intel GenuineIntel
[    0.000000]   AMD AuthenticAMD
[    0.000000]   Centaur CentaurHauls
[    0.000000] ------------[ cut here ]------------
[    0.000000] WARNING: CPU: 0 PID: 0 at /build/linux-YyUNAI/linux-4.4.0/arch/x86/kernel/fpu/xstate.c:517 fpu__init_system_xstate+0x38b/0x75a()
[    0.000000] XSAVE consistency problem, dumping leaves
[    0.000000] Modules linked in:
[    0.000000] CPU: 0 PID: 0 Comm: swapper Not tainted 4.4.0-93-generic #116-Ubuntu
[    0.000000]  0000000000000086 adf322d6befa7155 ffffffff81e03d80 ffffffff813f9f83
[    0.000000]  ffffffff81e03dc8 ffffffff81caa428 ffffffff81e03db8 ffffffff810812f2
[    0.000000]  ffffffff81e03e48 ffffffff81e03e4c 0000000000000008 0000000000000100
[    0.000000] Call Trace:
[    0.000000]  [<ffffffff813f9f83>] dump_stack+0x63/0x90
[    0.000000]  [<ffffffff810812f2>] warn_slowpath_common+0x82/0xc0
[    0.000000]  [<ffffffff8108138c>] warn_slowpath_fmt+0x5c/0x80
[    0.000000]  [<ffffffff8107d000>] ? xfeature_size+0x59/0x77
[    0.000000]  [<ffffffff81f6e20b>] fpu__init_system_xstate+0x38b/0x75a
[    0.000000]  [<ffffffff81f5e120>] ? early_idt_handler_array+0x120/0x120
[    0.000000]  [<ffffffff81f6db76>] fpu__init_system+0x10d/0x245
[    0.000000]  [<ffffffff81f6ec7f>] early_cpu_init+0x139/0x13e
[    0.000000]  [<ffffffff81f6ec7f>] ? early_cpu_init+0x139/0x13e
[    0.000000]  [<ffffffff81f6a181>] setup_arch+0xb4/0xcf6
[    0.000000]  [<ffffffff81f5e120>] ? early_idt_handler_array+0x120/0x120
[    0.000000]  [<ffffffff81f5ec74>] start_kernel+0xe4/0x4a2
[    0.000000]  [<ffffffff81f5e120>] ? early_idt_handler_array+0x120/0x120
[    0.000000]  [<ffffffff81f5e339>] x86_64_start_reservations+0x2a/0x2c
[    0.000000]  [<ffffffff81f5e485>] x86_64_start_kernel+0x14a/0x16d
[    0.000000] ---[ end trace 4d5ff9f2f68c4233 ]---
[    0.000000] CPUID[0d, 00]: eax=00000007 ebx=00000440 ecx=00000440 edx=00000000
[    0.000000] CPUID[0d, 01]: eax=00000000 ebx=000003c0 ecx=00000000 edx=00000000
[    0.000000] CPUID[0d, 02]: eax=00000100 ebx=00000240 ecx=00000000 edx=00000000
[    0.000000] CPUID[0d, 03]: eax=00000000 ebx=00000000 ecx=00000000 edx=00000000
[    0.000000] CPUID[0d, 04]: eax=00000000 ebx=00000000 ecx=00000000 edx=00000000
[    0.000000] CPUID[0d, 05]: eax=00000000 ebx=00000000 ecx=00000000 edx=00000000
[    0.000000] CPUID[0d, 06]: eax=00000000 ebx=00000000 ecx=00000000 edx=00000000
[    0.000000] CPUID[0d, 07]: eax=00000000 ebx=00000000 ecx=00000000 edx=00000000
[    0.000000] CPUID[0d, 08]: eax=00000000 ebx=00000000 ecx=00000000 edx=00000000
[    0.000000] CPUID[0d, 09]: eax=00000000 ebx=00000000 ecx=00000000 edx=00000000
[    0.000000] CPUID[0d, 0a]: eax=00000000 ebx=00000000 ecx=00000000 edx=00000000
[    0.000000] CPUID[0d, 0b]: eax=00000000 ebx=00000000 ecx=00000000 edx=00000000
[    0.000000] CPUID[0d, 0c]: eax=00000000 ebx=00000000 ecx=00000000 edx=00000000
[    0.000000] CPUID[0d, 0d]: eax=00000000 ebx=00000000 ecx=00000000 edx=00000000
[    0.000000] CPUID[0d, 0e]: eax=00000000 ebx=00000000 ecx=00000000 edx=00000000
[    0.000000] CPUID[0d, 0f]: eax=00000000 ebx=00000000 ecx=00000000 edx=00000000
[    0.000000] CPUID[0d, 10]: eax=00000000 ebx=00000000 ecx=00000000 edx=00000000
[    0.000000] CPUID[0d, 11]: eax=00000000 ebx=00000000 ecx=00000000 edx=00000000
[    0.000000] x86/fpu: xstate_offset[2]:  576, xstate_sizes[2]:  256
[    0.000000] x86/fpu: Supporting XSAVE feature 0x01: 'x87 floating point registers'
[    0.000000] x86/fpu: Supporting XSAVE feature 0x02: 'SSE registers'
[    0.000000] x86/fpu: Supporting XSAVE feature 0x04: 'AVX registers'
[    0.000000] x86/fpu: Enabled xstate features 0x7, context size is 1088 bytes, using 'standard' format.
[    0.000000] x86/fpu: Using 'lazy' FPU context switches.
[    0.000000] e820: BIOS-provided physical RAM map:
[    0.000000] BIOS-e820: [mem 0x0000000000000000-0x000000000009fbff] usable
[    0.000000] BIOS-e820: [mem 0x000000000009fc00-0x000000000009ffff] reserved
[    0.000000] BIOS-e820: [mem 0x00000000000f0000-0x00000000000fffff] reserved
[    0.000000] BIOS-e820: [mem 0x0000000000100000-0x000000007ffeffff] usable
[    0.000000] BIOS-e820: [mem 0x000000007fff0000-0x000000007fffffff] ACPI data
[    0.000000] BIOS-e820: [mem 0x00000000fec00000-0x00000000fec00fff] reserved
[    0.000000] BIOS-e820: [mem 0x00000000fee00000-0x00000000fee00fff] reserved
[    0.000000] BIOS-e820: [mem 0x00000000fffc0000-0x00000000ffffffff] reserved
[    0.000000] NX (Execute Disable) protection: active
[    0.000000] SMBIOS 2.5 present.
[    0.000000] Hypervisor detected: KVM
[    0.000000] e820: last_pfn = 0x7fff0 max_arch_pfn = 0x400000000
[    0.000000] MTRR: Disabled
[    0.000000] x86/PAT: MTRRs disabled, skipping PAT initialization too.
[    0.000000] CPU MTRRs all blank - virtualized system.
[    0.000000] x86/PAT: Configuration [0-7]: WB  WT  UC- UC  WB  WT  UC- UC  
[    0.000000] found SMP MP-table at [mem 0x0009fff0-0x0009ffff] mapped at [ffff88000009fff0]
[    0.000000] Scanning 1 areas for low memory corruption
[    0.000000] RAMDISK: [mem 0x36ac4000-0x37559fff]
[    0.000000] ACPI: Early table checksum verification disabled
[    0.000000] ACPI: RSDP 0x00000000000E0000 000024 (v02 VBOX  )
[    0.000000] ACPI: XSDT 0x000000007FFF0030 00003C (v01 VBOX   VBOXXSDT 00000001 ASL  00000061)
[    0.000000] ACPI: FACP 0x000000007FFF00F0 0000F4 (v04 VBOX   VBOXFACP 00000001 ASL  00000061)
[    0.000000] ACPI: DSDT 0x000000007FFF0470 0021FF (v02 VBOX   VBOXBIOS 00000002 INTL 20100528)
[    0.000000] ACPI: FACS 0x000000007FFF0200 000040
[    0.000000] ACPI: FACS 0x000000007FFF0200 000040
[    0.000000] ACPI: APIC 0x000000007FFF0240 00005C (v02 VBOX   VBOXAPIC 00000001 ASL  00000061)
[    0.000000] ACPI: SSDT 0x000000007FFF02A0 0001CC (v01 VBOX   VBOXCPUT 00000002 INTL 20100528)
[    0.000000] No NUMA configuration found
[    0.000000] Faking a node at [mem 0x0000000000000000-0x000000007ffeffff]
[    0.000000] NODE_DATA(0) allocated [mem 0x7ffeb000-0x7ffeffff]
[    0.000000] kvm-clock: Using msrs 4b564d01 and 4b564d00
[    0.000000] kvm-clock: cpu 0, msr 0:7ffe3001, primary cpu clock
[    0.000000] kvm-clock: using sched offset of 3245005473 cycles
[    0.000000] clocksource: kvm-clock: mask: 0xffffffffffffffff max_cycles: 0x1cd42e4dffb, max_idle_ns: 881590591483 ns
[    0.000000] Zone ranges:
[    0.000000]   DMA      [mem 0x0000000000001000-0x0000000000ffffff]
[    0.000000]   DMA32    [mem 0x0000000001000000-0x000000007ffeffff]
[    0.000000]   Normal   empty
[    0.000000]   Device   empty
[    0.000000] Movable zone start for each node
[    0.000000] Early memory node ranges
[    0.000000]   node   0: [mem 0x0000000000001000-0x000000000009efff]
[    0.000000]   node   0: [mem 0x0000000000100000-0x000000007ffeffff]
[    0.000000] Initmem setup node 0 [mem 0x0000000000001000-0x000000007ffeffff]
[    0.000000] ACPI: PM-Timer IO Port: 0x4008
[    0.000000] IOAPIC[0]: apic_id 2, version 32, address 0xfec00000, GSI 0-23
[    0.000000] ACPI: INT_SRC_OVR (bus 0 bus_irq 0 global_irq 2 dfl dfl)
[    0.000000] ACPI: INT_SRC_OVR (bus 0 bus_irq 9 global_irq 9 high level)
[    0.000000] Using ACPI (MADT) for SMP configuration information
[    0.000000] smpboot: Allowing 2 CPUs, 0 hotplug CPUs
[    0.000000] PM: Registered nosave memory: [mem 0x00000000-0x00000fff]
[    0.000000] PM: Registered nosave memory: [mem 0x0009f000-0x0009ffff]
[    0.000000] PM: Registered nosave memory: [mem 0x000a0000-0x000effff]
[    0.000000] PM: Registered nosave memory: [mem 0x000f0000-0x000fffff]
[    0.000000] e820: [mem 0x80000000-0xfebfffff] available for PCI devices
[    0.000000] Booting paravirtualized kernel on KVM
[    0.000000] clocksource: refined-jiffies: mask: 0xffffffff max_cycles: 0xffffffff, max_idle_ns: 7645519600211568 ns
[    0.000000] setup_percpu: NR_CPUS:512 nr_cpumask_bits:512 nr_cpu_ids:2 nr_node_ids:1
[    0.000000] PERCPU: Embedded 34 pages/cpu @ffff88007fc00000 s98328 r8192 d32744 u1048576
[    0.000000] PV qspinlock hash table entries: 256 (order: 0, 4096 bytes)
[    0.000000] Built 1 zonelists in Node order, mobility grouping on.  Total pages: 515961
[    0.000000] Policy zone: DMA32
[    0.000000] Kernel command line: BOOT_IMAGE=/boot/vmlinuz-4.4.0-93-generic root=LABEL=cloudimg-rootfs ro console=tty1 console=ttyS0
[    0.000000] PID hash table entries: 4096 (order: 3, 32768 bytes)
[    0.000000] Memory: 2033916K/2096696K available (8479K kernel code, 1294K rwdata, 3984K rodata, 1492K init, 1316K bss, 62780K reserved, 0K cma-reserved)
[    0.000000] SLUB: HWalign=64, Order=0-3, MinObjects=0, CPUs=2, Nodes=1
[    0.000000] Hierarchical RCU implementation.
[    0.000000] 	Build-time adjustment of leaf fanout to 64.
[    0.000000] 	RCU restricting CPUs from NR_CPUS=512 to nr_cpu_ids=2.
[    0.000000] RCU: Adjusting geometry for rcu_fanout_leaf=64, nr_cpu_ids=2
[    0.000000] NR_IRQS:33024 nr_irqs:440 16
[    0.000000] Console: colour VGA+ 80x25
[    0.000000] console [tty1] enabled
[    0.000000] console [ttyS0] enabled
[    0.000000] tsc: Detected 2496.000 MHz processor
[    8.187428] Calibrating delay loop (skipped) preset value.. 4992.00 BogoMIPS (lpj=9984000)
[    8.223702] pid_max: default: 32768 minimum: 301
[    8.234512] ACPI: Core revision 20150930
[    8.297283] ACPI: 2 ACPI AML tables successfully acquired and loaded
[    8.306771] Security Framework initialized
[    8.307574] Yama: becoming mindful.
[    8.308282] AppArmor: AppArmor initialized
[    8.313211] Dentry cache hash table entries: 262144 (order: 9, 2097152 bytes)
[    8.420485] Inode-cache hash table entries: 131072 (order: 8, 1048576 bytes)
[    8.545069] Mount-cache hash table entries: 4096 (order: 3, 32768 bytes)
[    8.671198] Mountpoint-cache hash table entries: 4096 (order: 3, 32768 bytes)
[    8.781482] Initializing cgroup subsys io
[    8.843922] Initializing cgroup subsys memory
[    8.914522] Initializing cgroup subsys devices
[    8.952755] Initializing cgroup subsys freezer
[    9.048915] Initializing cgroup subsys net_cls
[    9.135301] Initializing cgroup subsys perf_event
[    9.197109] Initializing cgroup subsys net_prio
[    9.285466] Initializing cgroup subsys hugetlb
[    9.376127] Initializing cgroup subsys pids
[    9.464286] CPU: Physical Processor ID: 0
[    9.492454] CPU: Processor Core ID: 0
[    9.541695] mce: CPU supports 0 MCE banks
[    9.617188] Last level iTLB entries: 4KB 64, 2MB 8, 4MB 8
[    9.684943] Last level dTLB entries: 4KB 64, 2MB 0, 4MB 0, 1GB 4
[    9.797524] Freeing SMP alternatives memory: 32K (ffffffff820ba000 - ffffffff820c2000)
[    9.958805] ftrace: allocating 32136 entries in 126 pages
[   10.060518] smpboot: APIC(0) Converting physical 0 to logical package 0
[   10.091560] smpboot: Max logical packages: 1
[   10.095341] x2apic enabled
[   10.107764] Switched APIC routing to physical x2apic.
[   10.114774] ..TIMER: vector=0x30 apic1=0 pin1=2 apic2=-1 pin2=-1
[   10.223281] smpboot: CPU0: Intel(R) Core(TM) i5-6300U CPU @ 2.40GHz (family: 0x6, model: 0x4e, stepping: 0x3)
[   10.232728] Performance Events: unsupported p6 CPU model 78 no PMU driver, software events only.
[   10.240106] KVM setup paravirtual spinlock
[   10.246246] x86: Booting SMP configuration:
[   10.260050] .... node  #0, CPUs:      #1
[   10.269653] kvm-clock: cpu 1, msr 0:7ffe3041, secondary cpu clock
[   10.296200] mce: CPU supports 0 MCE banks
[   10.300295] x86: Booted up 1 node, 2 CPUs
[   10.319194] smpboot: Total of 2 processors activated (9984.00 BogoMIPS)
[   10.323707] devtmpfs: initialized
[   10.327222] evm: security.selinux
[   10.334299] evm: security.SMACK64
[   10.335677] evm: security.SMACK64EXEC
[   10.340048] evm: security.SMACK64TRANSMUTE
[   10.350458] evm: security.SMACK64MMAP
[   10.357902] evm: security.ima
[   10.360255] evm: security.capability
[   10.368510] clocksource: jiffies: mask: 0xffffffff max_cycles: 0xffffffff, max_idle_ns: 7645041785100000 ns
[   10.475126] futex hash table entries: 512 (order: 3, 32768 bytes)
[   10.476360] pinctrl core: initialized pinctrl subsystem
[   10.480277] RTC time:  3:51:06, date: 12/13/17
[   10.481278] NET: Registered protocol family 16
[   10.500932] cpuidle: using governor ladder
[   10.516936] cpuidle: using governor menu
[   10.596645] PCCT header not found.
[   10.651674] ACPI: bus type PCI registered
[   10.691849] acpiphp: ACPI Hot Plug PCI Controller Driver version: 0.5
[   10.777694] PCI: Using configuration type 1 for base access
[   10.902768] ACPI: Added _OSI(Module Device)
[   10.967474] ACPI: Added _OSI(Processor Device)
[   11.035232] ACPI: Added _OSI(3.0 _SCP Extensions)
[   11.055000] ACPI: Added _OSI(Processor Aggregator Device)
[   11.082276] ACPI: Executed 1 blocks of module-level executable AML code
[   11.152110] ACPI: Interpreter enabled
[   11.186313] ACPI: (supports S0 S5)
[   11.253987] ACPI: Using IOAPIC for interrupt routing
[   11.313179] PCI: Using host bridge windows from ACPI; if necessary, use "pci=nocrs" and report a bug
[   11.461033] ACPI: PCI Root Bridge [PCI0] (domain 0000 [bus 00-ff])
[   11.587728] acpi PNP0A03:00: _OSC: OS supports [ASPM ClockPM Segments MSI]
[   11.686031] acpi PNP0A03:00: _OSC: not requesting OS control; OS requires [ExtendedConfig ASPM ClockPM MSI]
[   11.872519] acpi PNP0A03:00: fail to add MMCONFIG information, can't access extended PCI configuration space under this bridge.
[   11.992682] PCI host bridge to bus 0000:00
[   12.038234] pci_bus 0000:00: root bus resource [io  0x0000-0x0cf7 window]
[   12.048139] pci_bus 0000:00: root bus resource [io  0x0d00-0xffff window]
[   12.109945] pci_bus 0000:00: root bus resource [mem 0x000a0000-0x000bffff window]
[   12.121709] pci_bus 0000:00: root bus resource [mem 0x80000000-0xffdfffff window]
[   12.141542] pci_bus 0000:00: root bus resource [bus 00-ff]
[   12.152429] pci 0000:00:01.1: legacy IDE quirk: reg 0x10: [io  0x01f0-0x01f7]
[   12.155709] pci 0000:00:01.1: legacy IDE quirk: reg 0x14: [io  0x03f6]
[   12.177376] pci 0000:00:01.1: legacy IDE quirk: reg 0x18: [io  0x0170-0x0177]
[   12.231610] pci 0000:00:01.1: legacy IDE quirk: reg 0x1c: [io  0x0376]
[   12.291709] pci 0000:00:07.0: quirk: [io  0x4000-0x403f] claimed by PIIX4 ACPI
[   12.412027] pci 0000:00:07.0: quirk: [io  0x4100-0x410f] claimed by PIIX4 SMB
[   12.476865] ACPI: PCI Interrupt Link [LNKA] (IRQs 5 9 10 *11)
[   12.533955] ACPI: PCI Interrupt Link [LNKB] (IRQs 5 9 10 *11)
[   12.572052] ACPI: PCI Interrupt Link [LNKC] (IRQs 5 9 *10 11)
[   12.677095] ACPI: PCI Interrupt Link [LNKD] (IRQs 5 *9 10 11)
[   12.755744] ACPI: Enabled 2 GPEs in block 00 to 07
[   12.851118] vgaarb: setting as boot device: PCI:0000:00:02.0
[   12.979260] vgaarb: device added: PCI:0000:00:02.0,decodes=io+mem,owns=io+mem,locks=none
[   13.091888] vgaarb: loaded
[   13.136208] vgaarb: bridge control possible 0000:00:02.0
[   13.208138] SCSI subsystem initialized
[   13.239931] ACPI: bus type USB registered
[   13.276659] usbcore: registered new interface driver usbfs
[   13.375799] usbcore: registered new interface driver hub
[   13.476800] usbcore: registered new device driver usb
[   13.583583] PCI: Using ACPI for IRQ routing
[   13.643291] NetLabel: Initializing
[   13.723054] NetLabel:  domain hash size = 128
[   13.784903] NetLabel:  protocols = UNLABELED CIPSOv4
[   13.875432] NetLabel:  unlabeled traffic allowed by default
[   13.933377] amd_nb: Cannot enumerate AMD northbridges
[   14.043281] clocksource: Switched to clocksource kvm-clock
[   14.173239] AppArmor: AppArmor Filesystem Enabled
[   14.285711] pnp: PnP ACPI init
[   14.323099] pnp: PnP ACPI: found 3 devices
[   14.401798] clocksource: acpi_pm: mask: 0xffffff max_cycles: 0xffffff, max_idle_ns: 2085701024 ns
[   14.535967] NET: Registered protocol family 2
[   14.653254] TCP established hash table entries: 16384 (order: 5, 131072 bytes)
[   14.657205] TCP bind hash table entries: 16384 (order: 6, 262144 bytes)
[   14.712007] TCP: Hash tables configured (established 16384 bind 16384)
[   14.748626] UDP hash table entries: 1024 (order: 3, 32768 bytes)
[   14.790920] UDP-Lite hash table entries: 1024 (order: 3, 32768 bytes)
[   14.961279] NET: Registered protocol family 1
[   15.059411] pci 0000:00:00.0: Limiting direct PCI/PCI transfers
[   15.150175] pci 0000:00:01.0: Activating ISA DMA hang workarounds
[   15.299941] Unpacking initramfs...
[   17.927685] Freeing initrd memory: 10840K (ffff880036ac4000 - ffff88003755a000)
[   17.951633] platform rtc_cmos: registered platform RTC device (no PNP device found)
[   17.999514] Scanning for low memory corruption every 60 seconds
[   18.100955] audit: initializing netlink subsys (disabled)
[   18.156669] audit: type=2000 audit(1513137065.958:1): initialized
[   18.168180] Initialise system trusted keyring
[   18.223444] HugeTLB registered 2 MB page size, pre-allocated 0 pages
[   18.323896] zbud: loaded
[   18.375635] VFS: Disk quotas dquot_6.6.0
[   18.449888] VFS: Dquot-cache hash table entries: 512 (order 0, 4096 bytes)
[   18.451404] squashfs: version 4.0 (2009/01/31) Phillip Lougher
[   18.453076] fuse init (API version 7.23)
[   18.525586] Key type big_key registered
[   18.615757] Allocating IMA MOK and blacklist keyrings.
[   18.621661] Key type asymmetric registered
[   18.688407] Asymmetric key parser 'x509' registered
[   18.706825] Block layer SCSI generic (bsg) driver version 0.4 loaded (major 249)
[   18.708849] io scheduler noop registered
[   18.795434] io scheduler deadline registered (default)
[   18.835733] io scheduler cfq registered
[   18.887735] pci_hotplug: PCI Hot Plug PCI Core version: 0.5
[   18.964608] tsc: Refined TSC clocksource calibration: 2495.063 MHz
[   18.993793] clocksource: tsc: mask: 0xffffffffffffffff max_cycles: 0x23f702008f9, max_idle_ns: 440795222033 ns
[   18.993839] pciehp: PCI Express Hot Plug Controller Driver version: 0.4
[   18.994038] ACPI: AC Adapter [AC] (on-line)
[   18.994096] input: Power Button as /devices/LNXSYSTM:00/LNXPWRBN:00/input/input0
[   18.994099] ACPI: Power Button [PWRF]
[   18.994170] input: Sleep Button as /devices/LNXSYSTM:00/LNXSLPBN:00/input/input1
[   18.994172] ACPI: Sleep Button [SLPF]
[   19.003475] GHES: HEST is not enabled!
[   19.004381] ACPI: Battery Slot [BAT0] (battery present)
[   19.004442] Serial: 8250/16550 driver, 32 ports, IRQ sharing enabled
[   19.031722] 00:02: ttyS0 at I/O 0x3f8 (irq = 4, base_baud = 115200) is a 16550A
[   19.105259] Linux agpgart interface v0.103
[   19.120657] loop: module loaded
[   19.121326] scsi host0: ata_piix
[   19.121392] scsi host1: ata_piix
[   19.121444] ata1: PATA max UDMA/33 cmd 0x1f0 ctl 0x3f6 bmdma 0xd000 irq 14
[   19.121445] ata2: PATA max UDMA/33 cmd 0x170 ctl 0x376 bmdma 0xd008 irq 15
[   19.121536] libphy: Fixed MDIO Bus: probed
[   19.121539] tun: Universal TUN/TAP device driver, 1.6
[   19.121540] tun: (C) 1999-2004 Max Krasnyansky <maxk@qualcomm.com>
[   19.121924] PPP generic driver version 2.4.2
[   19.121990] ehci_hcd: USB 2.0 'Enhanced' Host Controller (EHCI) Driver
[   19.121994] ehci-pci: EHCI PCI platform driver
[   19.122005] ehci-platform: EHCI generic platform driver
[   19.122014] ohci_hcd: USB 1.1 'Open' Host Controller (OHCI) Driver
[   19.122018] ohci-pci: OHCI PCI platform driver
[   19.122028] ohci-platform: OHCI generic platform driver
[   19.122037] uhci_hcd: USB Universal Host Controller Interface driver
[   19.122098] i8042: PNP: PS/2 Controller [PNP0303:PS2K,PNP0f03:PS2M] at 0x60,0x64 irq 1,12
[   19.153880] serio: i8042 KBD port at 0x60,0x64 irq 1
[   19.153887] serio: i8042 AUX port at 0x60,0x64 irq 12
[   19.154058] mousedev: PS/2 mouse device common for all mice
[   19.154441] rtc_cmos rtc_cmos: rtc core: registered rtc_cmos as rtc0
[   19.154516] rtc_cmos rtc_cmos: alarms up to one day, 114 bytes nvram
[   19.154526] i2c /dev entries driver
[   19.154588] device-mapper: uevent: version 1.0.3
[   19.154658] device-mapper: ioctl: 4.34.0-ioctl (2015-10-28) initialised: dm-devel@redhat.com
[   19.154675] ledtrig-cpu: registered to indicate activity on CPUs
[   19.155021] NET: Registered protocol family 10
[   19.155194] NET: Registered protocol family 17
[   19.155203] Key type dns_resolver registered
[   19.169274] microcode: CPU0 sig=0x406e3, pf=0x2, revision=0x0
[   19.169304] microcode: CPU1 sig=0x406e3, pf=0x2, revision=0x0
[   19.169407] microcode: Microcode Update Driver: v2.01 <tigran@aivazian.fsnet.co.uk>, Peter Oruba
[   19.169551] registered taskstats version 1
[   19.169569] Loading compiled-in X.509 certificates
[   19.170441] Loaded X.509 cert 'Build time autogenerated kernel key: a6f98c496ad22cf23b77f8fe21ff88c41791cbd4'
[   19.170466] zswap: loaded using pool lzo/zbud
[   19.172602] Key type trusted registered
[   19.175824] Key type encrypted registered
[   19.175831] AppArmor: AppArmor sha1 policy hashing enabled
[   19.175834] ima: No TPM chip found, activating TPM-bypass!
[   19.175858] evm: HMAC attrs: 0x1
[   19.176130]   Magic number: 13:667:866
[   19.209687] rtc_cmos rtc_cmos: setting system clock to 2017-12-13 03:51:15 UTC (1513137075)
[   19.209857] BIOS EDD facility v0.16 2004-Jun-25, 0 devices found
[   19.209857] EDD information not available.
[   19.268329] input: AT Translated Set 2 keyboard as /devices/platform/i8042/serio0/input/input2
[   20.354189] Freeing unused kernel memory: 1492K (ffffffff81f45000 - ffffffff820ba000)
[   20.365201] Write protecting the kernel read-only data: 14336k
[   20.370539] Freeing unused kernel memory: 1748K (ffff88000184b000 - ffff880001a00000)
[   20.395782] Freeing unused kernel memory: 112K (ffff880001de4000 - ffff880001e00000)
Loading, please wait...
starting version[   20.417801] random: systemd-udevd: uninitialized urandom read (16 bytes read, 7 bits of entropy available)
 229
[   20.418601] random: udevadm: uninitialized urandom read (16 bytes read, 7 bits of entropy available)
[   20.418650] random: udevadm: uninitialized urandom read (16 bytes read, 7 bits of entropy available)
[   20.418789] random: udevadm: uninitialized urandom read (16 bytes read, 7 bits of entropy available)
[   20.418842] random: udevadm: uninitialized urandom read (16 bytes read, 7 bits of entropy available)
[   20.418890] random: udevadm: uninitialized urandom read (16 bytes read, 7 bits of entropy available)
[   20.418981] random: udevadm: uninitialized urandom read (16 bytes read, 7 bits of entropy available)
[   20.419031] random: udevadm: uninitialized urandom read (16 bytes read, 7 bits of entropy available)
[   20.419074] random: udevadm: uninitialized urandom read (16 bytes read, 7 bits of entropy available)
[   20.419117] random: udevadm: uninitialized urandom read (16 bytes read, 7 bits of entropy available)
[   20.554794] e1000: Intel(R) PRO/1000 Network Driver - version 7.3.21-k8-NAPI
[   20.587486] e1000: Copyright (c) 1999-2006 Intel Corporation.
[   20.613738] AVX version of gcm_enc/dec engaged.
[   20.632219] AES CTR mode by8 optimization enabled
[   20.634625] Fusion MPT base driver 3.04.20
[   20.634626] Copyright (c) 1999-2008 LSI Corporation
[   20.685908] Fusion MPT SPI Host driver 3.04.20
[   20.814360] input: ImExPS/2 Generic Explorer Mouse as /devices/platform/i8042/serio1/input/input4
[   21.112253] e1000 0000:00:03.0 eth0: (PCI:33MHz:32-bit) 02:04:e4:df:e4:d8
[   21.120930] e1000 0000:00:03.0 eth0: Intel(R) PRO/1000 Network Connection
[   21.165162] mptbase: ioc0: Initiating bringup
[   21.165947] e1000 0000:00:03.0 enp0s3: renamed from eth0
[   21.247549] ioc0: LSI53C1030 A0: Capabilities={Initiator}
[   21.430007] scsi host2: ioc0: LSI53C1030 A0, FwRev=00000000h, Ports=1, MaxQ=256, IRQ=20
[   21.699202] scsi 2:0:0:0: Direct-Access     VBOX     HARDDISK         1.0  PQ: 0 ANSI: 5
[   21.717043] scsi target2:0:0: Beginning Domain Validation
[   21.724693] scsi target2:0:0: Domain Validation skipping write tests
[   21.734632] scsi target2:0:0: Ending Domain Validation
[   21.737551] scsi target2:0:0: asynchronous
[   21.741787] scsi 2:0:1:0: Direct-Access     VBOX     HARDDISK         1.0  PQ: 0 ANSI: 5
[   21.748280] scsi target2:0:1: Beginning Domain Validation
[   21.750447] scsi target2:0:1: Domain Validation skipping write tests
[   21.752775] scsi target2:0:1: Ending Domain Validation
[   21.755618] scsi target2:0:1: asynchronous
[   21.766804] sd 2:0:0:0: [sda] 20971520 512-byte logical blocks: (10.7 GB/10.0 GiB)
[   21.782259] sd 2:0:0:0: Attached scsi generic sg0 type 0
[   21.796430] sd 2:0:0:0: [sda] Write Protect is off
[   21.797055] sd 2:0:1:0: Attached scsi generic sg1 type 0
[   21.934110] sd 2:0:1:0: [sdb] 20480 512-byte logical blocks: (10.5 MB/10.0 MiB)
[   21.937022] sd 2:0:0:0: [sda] Incomplete mode parameter data
[   21.945792] sd 2:0:0:0: [sda] Assuming drive cache: write through
[   21.947255] sd 2:0:1:0: [sdb] Write Protect is off
[   21.948636] sd 2:0:1:0: [sdb] Incomplete mode parameter data
[   21.957650] sd 2:0:1:0: [sdb] Assuming drive cache: write through
[   21.960837]  sda: sda1
[   22.008055] sd 2:0:0:0: [sda] Attached SCSI disk
[   22.086185] sd 2:0:1:0: [sdb] Attached SCSI disk
[   23.596173] floppy0: no floppy controllers found
Begin: Loading e[   25.006130] md: linear personality registered for level -1
ssential drivers ... [   25.024103] md: multipath personality registered for level -4
[   25.064282] md: raid0 personality registered for level 0
[   25.111007] md: raid1 personality registered for level 1
[   25.196225] raid6: sse2x1   gen()  6455 MB/s
[   25.311909] raid6: sse2x1   xor()  4224 MB/s
[   25.427803] raid6: sse2x2   gen()  6880 MB/s
[   25.535778] raid6: sse2x2   xor()  5725 MB/s
[   25.659442] raid6: sse2x4   gen()  8759 MB/s
[   25.747789] raid6: sse2x4   xor()  7460 MB/s
[   25.836471] raid6: using algorithm sse2x4 gen() 8759 MB/s
[   25.933639] raid6: .... xor() 7460 MB/s, rmw enabled
[   25.988240] raid6: using ssse3x2 recovery algorithm
[   25.995201] xor: automatically using best checksumming function:
[   26.052032]    avx       : 13309.000 MB/sec
[   26.055780] async_tx: api initialized (async)
[   26.090441] md: raid6 personality registered for level 6
[   26.095630] md: raid5 personality registered for level 5
[   26.099967] md: raid4 personality registered for level 4
[   26.114013] md: raid10 personality registered for level 10
done.
Begin: Running /scripts/init-premount ... done.
Begin: Mounting root file system ... Begin: Running /scripts/local-top ... done.
Begin: Running /scripts/local-premount ... [   26.160053] Btrfs loaded
Scanning for Btrfs filesystems
done.
Warning: fsck not present, so sk[   26.204657] EXT4-fs (sda1): mounted filesystem with ordered data mode. Opts: (null)
ipping root file system
done.
Begin: Running /scripts/local-bottom ... done.
Begin: Running /scripts/init-bottom ... done.
[   26.321269] systemd[1]: systemd 229 running in system mode. (+PAM +AUDIT +SELINUX +IMA +APPARMOR +SMACK +SYSVINIT +UTMP +LIBCRYPTSETUP +GCRYPT +GNUTLS +ACL +XZ -LZ4 +SECCOMP +BLKID +ELFUTILS +KMOD -IDN)
[   26.333164] systemd[1]: Detected virtualization oracle.
[   26.334039] systemd[1]: Detected architecture x86-64.

Welcome to [1mUbuntu 16.04.3 LTS[0m!

[   26.381710] systemd[1]: Set hostname to <ubuntu>.
[   26.471180] systemd[1]: Initializing machine ID from random generator.
[   26.481439] systemd[1]: Installed transient /etc/machine-id file.
[   26.638497] systemd[1]: Listening on udev Kernel Socket.
[[0;32m  OK  [0m] Listening on udev Kernel Socket.
[   26.708148] systemd[1]: Listening on Device-mapper event daemon FIFOs.
[[0;32m  OK  [0m] Listening on Device-mapper event daemon FIFOs.
[   26.820349] systemd[1]: Reached target Swap.
[[0;32m  OK  [0m] Reached target Swap.
[   26.908568] systemd[1]: Set up automount Arbitrary Executable File Formats File System Automount Point.
[[0;32m  OK  [0m] Set up automount Arbitrary Executab...ats File System Automount Point.
[   27.159678] systemd[1]: Listening on udev Control Socket.
[[0;32m  OK  [0m] Listening on udev Control Socket.
[   27.255651] systemd[1]: Reached target User and Group Name Lookups.
[[0;32m  OK  [0m] Reached target User and Group Name Lookups.
[   27.366275] systemd[1]: Listening on /dev/initctl Compatibility Named Pipe.
[[0;32m  OK  [0m] Listening on /dev/initctl Compatibility Named Pipe.
[   27.520213] systemd[1]: Listening on Journal Socket.
[[0;32m  OK  [0m] Listening on Journal Socket.
[   27.584266] systemd[1]: Listening on LVM2 poll daemon socket.
[[0;32m  OK  [0m] Listening on LVM2 poll daemon socket.
[   27.628368] systemd[1]: Reached target Encrypted Volumes.
[[0;32m  OK  [0m] Reached target Encrypted Volumes.
[   27.715762] systemd[1]: Listening on Journal Socket (/dev/log).
[[0;32m  OK  [0m] Listening on Journal Socket (/dev/log).
[   27.823696] systemd[1]: Started Forward Password Requests to Wall Directory Watch.
[[0;32m  OK  [0m] Started Forward Password Requests to Wall Directory Watch.
[   28.024080] systemd[1]: Listening on Syslog Socket.
[[0;32m  OK  [0m] Listening on Syslog Socket.
[   28.131123] systemd[1]: Started Trigger resolvconf update for networkd DNS.
[[0;32m  OK  [0m] Started Trigger resolvconf update for networkd DNS.
[   28.211562] systemd[1]: Listening on Journal Audit Socket.
[[0;32m  OK  [0m] Listening on Journal Audit Socket.
[   28.409510] systemd[1]: Created slice System Slice.
[[0;32m  OK  [0m] Created slice System Slice.
[   28.579802] systemd[1]: Mounting Debug File System...
         Mounting Debug File System...
[   28.699756] systemd[1]: Mounting Huge Pages File System...
         Mounting Huge Pages File System...
[   28.828428] systemd[1]: Created slice system-serial\x2dgetty.slice.
[[0;32m  OK  [0m] Created slice system-serial\x2dgetty.slice.
[   28.875640] systemd[1]: Starting Journal Service...
[   28.924213] random: nonblocking pool is initialized
         Starting Journal Service...
[   29.043452] systemd[1]: Mounting POSIX Message Queue File System...
         Mounting POSIX Message Queue File System...
[   29.212130] systemd[1]: Starting Load Kernel Modules...
         [   29.308387] Loading iSCSI transport class v2.0-870.
Starting Load Ke[   29.403417] iscsi: registered transport (tcp)
rnel Modules...
[   29.515533] systemd[1]: Starting Nameserver information manager...
[   29.515591] iscsi: registered transport (iser)
         Starting Nameserver information manager...
[   29.671656] systemd[1]: Starting Create list of required static device nodes for the current kernel...
         Starting Create list of required st... nodes for the current kernel...
[   29.860073] systemd[1]: Starting Remount Root and Kernel File Systems...
         [   29.941460] EXT4-fs (sda1): re-mounted. Opts: (null)
Starting Remount Root and Kernel File Systems...
[   29.951620] systemd[1]: Starting Uncomplicated firewall...
         Starting Uncomplicated firewall...
[   29.977905] systemd[1]: Created slice User and Session Slice.
[[0;32m  OK  [0m] Created slice User and Session Slice.
[   30.088180] systemd[1]: Reached target Slices.
[[0;32m  OK  [0m] Reached target Slices.
[   30.259869] systemd[1]: Listening on LVM2 metadata daemon socket.
[[0;32m  OK  [0m] Listening on LVM2 metadata daemon socket.
[   30.519873] systemd[1]: Starting Monitoring of LVM2 mirrors, snapshots etc. using dmeventd or progress polling...
         Starting Monitoring of LVM2 mirrors... dmeventd or progress polling...
[   30.727453] systemd[1]: Starting Set console keymap...
         Starting Set console keymap...
[   30.833277] systemd[1]: Mounted Huge Pages File System.
[[0;32m  OK  [0m] Mounted Huge Pages File System.
[   30.893508] systemd[1]: Mounted POSIX Message Queue File System.
[[0;32m  OK  [0m] Mounted POSIX Message Queue File System.
[   30.898366] systemd[1]: Mounted Debug File System.
[[0;32m  OK  [0m] Mounted Debug File System.
[   30.901567] systemd[1]: Started Journal Service.
[[0;32m  OK  [0m] Started Journal Service.
[[0;32m  OK  [0m] Started Load Kernel Modules.
[[0;32m  OK  [0m] Started Create list of required sta...ce nodes for the current kernel.
[[0;32m  OK  [0m] Started Remount Root and Kernel File Systems.
[[0;32m  OK  [0m] Started Uncomplicated firewall.
[[0;32m  OK  [0m] Started Set console keymap.
[[0;32m  OK  [0m] Started Nameserver information manager.
[[0;32m  OK  [0m] Started LVM2 metadata daemon.
         Starting udev Coldplug all Devices...
         Starting Initial cloud-init job (pre-networking)...
         Starting Load/Save Random Seed...
         Starting Create Static Device Nodes in /dev...
         Mounting FUSE Control File System...
         Starting Apply Kernel Variables...
         Starting Flush Journal to Persistent Storage...
[[0;32m  OK  [0m] Mounted FUSE Control File System.
[[0;32m  OK  [0m] Started Load/Save Random Seed.
[[0;32m  OK  [0m] Started Create Static Device Nodes in /dev.
[[0;32m  OK  [0m] Started Apply Kernel Variables.
[[0;32m  OK  [0m] Started udev Coldplug all Devices.
[[0;32m  OK  [0m] Started Flush Journal to Persistent Storage.
         Starting udev Kernel Device Manager...
[[0;32m  OK  [0m] Started udev Kernel Device Manager.
[[0;32m  OK  [0m] Started Dispatch Password Requests to Console Directory Watch.
[[0;32m  OK  [0m] Started Monitoring of LVM2 mirrors,...ng dmeventd or progress polling.
[[0;32m  OK  [0m] Reached target Local File Systems (Pre).
[[0;32m  OK  [0m] Reached target Local File Systems.
         Starting Tell Plymouth To Write Out Runtime Data...
         Starting LSB: AppArmor initialization...
         Starting Create Volatile Files and Directories...
         Starting Commit a transient machine-id on disk...
         Starting Set console font and keymap...
[[0;32m  OK  [0m] Started Tell Plymouth To Write Out Runtime Data.
[[0;32m  OK  [0m] Started Create Volatile Files and Directories.
[[0;32m  OK  [0m] Started Commit a transient machine-id on disk.
[[0;32m  OK  [0m] Found device /dev/ttyS0.
[[0;32m  OK  [0m] Listening on Load/Save RF Kill Switch Status /dev/rfkill Watch.
[[0;32m  OK  [0m] Reached target System Time Synchronized.
[   19.309333] cloud-init[448]: Cloud-init v. 0.7.9 running 'init-local' at Wed, 13 Dec 2017 03:51:28 +0000. Up 18.86 seconds.
         Starting Update UTMP about System Boot/Shutdown...
[[0;32m  OK  [0m] Started LSB: AppArmor initialization.
[[0;32m  OK  [0m] Started Initial cloud-init job (pre-networking).
[[0;32m  OK  [0m] Started Set console font and keymap.
[[0;32m  OK  [0m] Started Update UTMP about System Boot/Shutdown.
[[0;32m  OK  [0m] Created slice system-getty.slice.
[[0;32m  OK  [0m] Reached target Network (Pre).
         Starting Raise network interfaces...
[[0;32m  OK  [0m] Started Raise network interfaces.
[[0;32m  OK  [0m] Reached target Network.
         Starting Initial cloud-init job (metadata service crawler)...
[   22.581169] cloud-init[929]: Cloud-init v. 0.7.9 running 'init' at Wed, 13 Dec 2017 03:51:31 +0000. Up 21.98 seconds.
[   22.705765] [cloud-init[0;32m  OK  [0m[929]: ] ci-info: +++++++++++++++++++++++++++++++++++++Net device info+++++++++++++++++++++++++++++++++++++Started Initial cloud-init job (metadata service crawler).

[   22.706933] cloud-init[929]: ci-info: +--------+------+---------------------------+---------------+-------+-------------------+
[   23.092438] [cloud-init[0;32m  OK  [0m[929]: ] ci-info: | Device |  Up  |          Address          |      Mask     | Scope |     Hw-Address    |Reached target Cloud-config availability.

[[0;32m  OK  [0m] Reached target Network is Online.
[   23.092881] cloud-init[929]: ci-info: +--------+------+---------------------------+---------------+-------+-------------------+
[   23.192653]          cloud-initStarting iSCSI initiator daemon (iscsid)...[929]: 
ci-info: |   lo   | True |         127.0.0.1         |   255.0.0.0   |   .   |         .         |
[   23.259804] [cloud-init[0;32m  OK  [0m[929]: ] ci-info: |   lo   | True |          ::1/128          |       .       |  host |         .         |Reached target System Initialization.

[   23.304454] [cloud-init[0;32m  OK  [0m[929]: ] ci-info: | enp0s3 | True |         10.0.2.15         | 255.255.255.0 |   .   | 02:04:e4:df:e4:d8 |Started Daily apt download activities.

[   23.320211] [cloud-init[0;32m  OK  [0m[929]: ] ci-info: | enp0s3 | True | fe80::4:e4ff:fedf:e4d8/64 |       .       |  link | 02:04:e4:df:e4:d8 |Started Daily Cleanup of Temporary Directories.

[   23.348600] [cloud-init[0;32m  OK  [0m[929]: ] ci-info: +--------+------+---------------------------+---------------+-------+-------------------+
Started ACPI Events Check.
[   23.349301] [cloud-init[0;32m  OK  [0m[929]: ] ci-info: +++++++++++++++++++++++++++Route IPv4 info++++++++++++++++++++++++++++Reached target Paths.

[   23.416328] [cloud-init[0;32m  OK  [0m[929]: ] ci-info: +-------+-------------+----------+---------------+-----------+-------+Listening on UUID daemon activation socket.

[   23.440679] [cloud-init[0;32m  OK  [0m[929]: ] ci-info: | Route | Destination | Gateway  |    Genmask    | Interface | Flags |Listening on D-Bus System Message Bus Socket.

[   23.471504]          Starting Socket activation for snappy daemon.
[[0;32m  OK  [0m] Started Daily apt upgrade and clean activities.
cloud-init[929]: ci-info: +-------+-------------+----------+---------------+-----------+-------+
[   23.513338]          cloud-initStarting LXD - unix socket.[929]: 
ci-info: |   0   |   0.0.0.0   | 10.0.2.2 |    0.0.0.0    |   enp0s3  |   UG  |
[   23.570613] [cloud-init[0;32m  OK  [0m[929]: ] ci-info: |   1   |   10.0.2.0  | 0.0.0.0  | 255.255.255.0 |   enp0s3  |   U   |Listening on ACPID Listen Socket.

[   23.571740] [cloud-init[0;32m  OK  [0m[929]: ] ci-info: +-------+-------------+----------+---------------+-----------+-------+Started Timer to automatically refresh installed snaps.

[   23.921064] [cloud-init[0;32m  OK  [0m[929]: ] Generating public/private rsa key pair.Reached target Timers.

[   23.923241] cloud-init[929]: Your identification has been saved in /etc/ssh/ssh_host_rsa_key.
[   24.165823] [[0;32m  OK  [0m] Listening on Socket activation for snappy daemon.
cloud-init[929]: Your public key has been saved in /etc/ssh/ssh_host_rsa_key.pub.
[   24.329151] [cloud-init[0;32m  OK  [0m[929]: ] The key fingerprint is:Listening on LXD - unix socket.

[   24.329613] [cloud-init[0;32m  OK  [0m[929]: ] SHA256:3MC6BJMCWiQ/ArMbKrurtVUchVvRx/MqVxrcqQGXfFA root@ubuntu-xenialStarted iSCSI initiator daemon (iscsid).

[   24.561035]          cloud-initStarting Login to default iSCSI targets...[929]: 
The key's randomart image is:
[   24.705300] [cloud-init[0;32m  OK  [0m[929]: ] +---[RSA 2048]----+Reached target Sockets.

[   24.707537] [cloud-init[0;32m  OK  [0m[929]: ] |=.o    .oo o.+E  |Reached target Basic System.

[   24.799601] cloud-init[929]: |oB   ..o. o B .  |
[   24.989932] [cloud-init[0;32m  OK  [0m[929]: ] |= + + .oo  = = . |Started ACPI event daemon.

[   24.991362] cloud-init[929]: |.+ o +.+ o  + =  |
[   25.128848]          cloud-initStarting LSB: MD monitoring daemon...[929]: 
|+     = S .  B   |
[   25.242084] cloud-init[929]: |..   o .  . =    |
[[0;32m  OK  [0m] Started Unattended Upgrades Shutdown.
[   25.244406] cloud-init[929]: |. . . .    o     |
[   25.393954] [cloud-init[0;32m  OK  [0m[929]: ] | o o             |Started Regular background program processing daemon.

[   25.394478] cloud-init[929]: |=..              |
         Starting System Logging Service...
[   25.581314] cloud-init[929]: +----[SHA256]-----+
[   25.689214] [cloud-init[0;32m  OK  [0m[929]: ] Generating public/private dsa key pair.Started FUSE filesystem for LXC.

[   25.792549] cloud-init[929]: Your identification has been saved in /etc/ssh/ssh_host_dsa_key.
[   25.793006] cloud-init[929]: Your public key has been saved in /etc/ssh/ssh_host_dsa_key.pub.
         Starting Login Service...
[   25.793144] cloud-init[929]: The key fingerprint is:
[   26.068939] cloud-init[929]: SHA256:rxn0C+xAjJvv4qJ6rvXX8XoCeg684nlH7m4kkn1l6Jc root@ubuntu-xenial
[   26.069301] cloud-init[929]: The key's randomart image is:
         Starting /etc/rc.local Compatibility...
[   26.069470] cloud-init[929]: +---[DSA 1024]----+
[   26.348727] cloud-init[929]: |                 |
[   26.349029] cloud-init[929]: |                 |
         Starting Accounts Service...
[   26.349174] cloud-init[929]: |       .         |
[   26.460564] cloud-init[929]: |     o. o        |
[   26.460839] cloud-init[929]: |   o..ooS.       |
         Starting Pollinate to seed the pseudo random number generator...
[   26.460978] cloud-init[929]: |  o.o+*oEo       |
[   26.515570] cloud-init[929]: |  ..=B.++oo      |
[   26.544366] cloud-init[929]: | .+o++*oo=o.     |
[   26.544848] cloud-init[929]: |=*+=+@* =+.      |
         Starting LSB: Record successful boot for GRUB...
[   26.544991] cloud-init[929]: +----[SHA256]-----+
[   26.600661] cloud-init[929]: Generating public/private ecdsa key pair.
[   26.601064] cloud-init[929]: Your identification has been saved in /etc/ssh/ssh_host_ecdsa_key.
         Starting LXD - container startup/shutdown...
[   26.601284] cloud-init[929]: Your public key has been saved in /etc/ssh/ssh_host_ecdsa_key.pub.
[   26.668505] cloud-init[929]: The key fingerprint is:
[   26.668802] cloud-init[929]: SHA256:GCTO0yY8CWUBfIJJsh2qpt17pC/0guSflKMvugYSWKs root@ubuntu-xenial
[[0;32m  OK  [0m] Started D-Bus System Message Bus.
[   26.668945] cloud-init[929]: The key's randomart image is:
[   26.710799] cloud-init[929]: +---[ECDSA 256]---+
[   26.745004] cloud-init[929]: |o=+o=..          |
[   26.745309] cloud-init[929]: |+++B.=           |
[[0;32m  OK  [0m] Started Deferred execution scheduler.
[   26.745442] cloud-init[929]: |+..+O +          |
[   26.840965] cloud-init[929]: |+ .  = o         |
[   26.841239] cloud-init[929]: |.+    . S        |
         Starting Apply the settings specified in cloud-config...
[   26.841380] cloud-init[929]: |E......          |
[   26.936317] cloud-init[929]: |+o.o=+           |
[[0;32m  OK  [0m] Started Snappy daemon.
         Starting Auto import assertions from block devices...
[[0;32m  OK  [0m] Started System Logging Service.
[[0;32m  OK  [0m] Started /etc/rc.local Compatibility.
[   26.961045] cloud-init[929]: | .+o++o          |
[   27.032958] cloud-init[929]: |+o.+==.          |
[   27.033219] cloud-init[929]: +----[SHA256]-----+
[[0;32m  OK  [0m] Started LXD - container startup/shutdown.
[[0;32m  OK  [0m] Started Auto import assertions from block devices.
[   27.033342] cloud-init[929]: Generating public/private ed25519 key pair.
[   27.224333] cloud-init[929]: Your identification has been saved in /etc/ssh/ssh_host_ed25519_key.
[[0;32m  OK  [0m] Started Login to default iSCSI targets.
[[0;32m  OK  [0m] Started LSB: MD monitoring daemon.
[   27.255183] cloud-init[929]: Your public key has been saved in /etc/ssh/ssh_host_ed25519_key.pub.
[   27.301043] cloud-init[929]: The key fingerprint is:
[   27.317715] cloud-init[929]: SHA256:53HMojfYSGT/rEZCdFldgku6XDMJEya0FoWCM5XnbI4 root@ubuntu-xenial
[   27.367223] [cloud-init[0;32m  OK  [0m[929]: ] The key's randomart image is:Started LSB: Record successful boot for GRUB.

[   27.367778] cloud-init[929]: +--[ED25519 256]--+
[   27.408534] cloud-init[929]: |     o.o+o++.o...|
[   27.436324] [cloud-init[0;32m  OK  [0m[929]: ] |    + o +== o .. |Started Login Service.

[   27.469766] [cloud-init[0;32m  OK  [0m[929]: ] |     o *=. = o   |Started Pollinate to seed the pseudo random number generator.

[   27.520383]          cloud-initStarting OpenBSD Secure Shell server...[929]: 
|       +=..o*    |
[   27.552712]          cloud-initStarting Authenticate and Authorize Users to Run Privileged Tasks...[929]: 
|       =S.=o+o   |
[   27.704362] [cloud-init[0;32m  OK  [0m[929]: ] |      E.oB+*     |Reached target Remote File Systems (Pre).

[   27.767349] [cloud-init[0;32m  OK  [0m[929]: ] |        +o= o    |Reached target Remote File Systems.

[   27.790244] cloud-init[929]: |         ..o     |
[   27.803063]          cloud-initStarting Permit User Sessions...[929]: 
|         ..      |
[   27.840815]          cloud-initStarting LSB: Set the CPU Frequency Scaling governor to "ondemand"...[929]: 
+----[SHA256]-----+
         Starting LSB: VirtualBox Linux Additions...
         Starting LSB: automatic crash report generation...
         Starting LSB: daemon to balance interrupts for SMP systems...
[[0;32m  OK  [0m] Started OpenBSD Secure Shell server.
[[0;32m  OK  [0m] Started Permit User Sessions.
[[0;32m  OK  [0m] Started Authenticate and Authorize Users to Run Privileged Tasks.
[[0;32m  OK  [0m] Started Accounts Service.
[   27.879971] cloud-init[1116]: Generating locales (this might take a while)...
         Starting Hold until boot process finishes up...
         Starting Terminate Plymouth Boot Screen...
[[0;32m  OK  [0m] Started LSB: Set the CPU Frequency Scaling governor to "ondemand".
[[0;32m  OK  [0m] Started LSB: VirtualBox Linux Additions.
[[0;32m  OK  [0m] Started LSB: automatic crash report generation.
[[0;32m  OK  [0m] Started LSB: daemon to balance interrupts for SMP systems.
[[0;32m  OK  [0m] Started Hold until boot process finishes up.
[[0;32m  OK  [0m] Started Terminate Plymouth Boot Screen.
         Starting Set console scheme...
[[0;32m  OK  [0m] Started Serial Getty on ttyS0.
[[0;32m  OK  [0m] Started Getty on tty1.
[[0;32m  OK  [0m] Reached target Login Prompts.
[[0;32m  OK  [0m] Reached target Multi-User System.
[[0;32m  OK  [0m] Reached target Graphical Interface.
         Starting Update UTMP about System Runlevel Changes...
[[0;32m  OK  [0m] Started Set console scheme.
[[0;32m  OK  [0m] Started Update UTMP about System Runlevel Changes.
[   28.536741] cloud-init[1116]:   en_US.UTF-8... done
[   28.564864] cloud-init[1116]: Generation complete.
         Stopping OpenBSD Secure Shell server...
[[0;32m  OK  [0m] Stopped OpenBSD Secure Shell server.
         Starting OpenBSD Secure Shell server...
[[0;32m  OK  [0m] Started OpenBSD Secure Shell server.
[   29.005853] cloud-init[1116]: Cloud-init v. 0.7.9 running 'modules:config' at Wed, 13 Dec 2017 03:51:37 +0000. Up 27.26 seconds.
[[0;32m  OK  [0m] Started Apply the settings specified in cloud-config.
         Starting Execute cloud user/final scripts...
ci-info: no authorized ssh keys fingerprints found for user ubuntu.
<14>Dec 13 03:51:39 ec2: 
<14>Dec 13 03:51:39 ec2: #############################################################
<14>Dec 13 03:51:39 ec2: -----BEGIN SSH HOST KEY FINGERPRINTS-----
<14>Dec 13 03:51:39 ec2: 1024 SHA256:rxn0C+xAjJvv4qJ6rvXX8XoCeg684nlH7m4kkn1l6Jc root@ubuntu-xenial (DSA)
<14>Dec 13 03:51:39 ec2: 256 SHA256:GCTO0yY8CWUBfIJJsh2qpt17pC/0guSflKMvugYSWKs root@ubuntu-xenial (ECDSA)
<14>Dec 13 03:51:39 ec2: 256 SHA256:53HMojfYSGT/rEZCdFldgku6XDMJEya0FoWCM5XnbI4 root@ubuntu-xenial (ED25519)
<14>Dec 13 03:51:39 ec2: 2048 SHA256:3MC6BJMCWiQ/ArMbKrurtVUchVvRx/MqVxrcqQGXfFA root@ubuntu-xenial (RSA)
<14>Dec 13 03:51:39 ec2: -----END SSH HOST KEY FINGERPRINTS-----
<14>Dec 13 03:51:39 ec2: #############################################################
-----BEGIN SSH HOST KEY KEYS-----
ecdsa-sha2-nistp256 AAAAE2VjZHNhLXNoYTItbmlzdHAyNTYAAAAIbmlzdHAyNTYAAABBBF3rwF03aU6WjLz9anDWimBPx4G/pno8/kR5YBUWo94ok++f0ZL9hpFroydEV4zojs7HqSS3lorwVJ6RWzjEUWM= root@ubuntu-xenial
ssh-ed25519 AAAAC3NzaC1lZDI1NTE5AAAAIP2DU6kgz/0GJi4d/0un+PMlvziXa7P8wgj1tUQ79g3X root@ubuntu-xenial
ssh-rsa AAAAB3NzaC1yc2EAAAADAQABAAABAQDOH63tiT0hABQQa2kHwka2OQv0CG9KX+5WpgXEAvVugZfQBdqAJyR4lpFFxXFLZtkhrGsHtayzm0bLDeDBqeRhcnglzufDcY4Glo3MD+i9nUeKtX4neuUauJ+nKr+EjeKBPKEomUmdZyNxRxSOv7QMsXdy9L2flTroWiYDpxuBYRavs8wyeaPl/R+IE8LFHsV107YAE6TQxt3fVNXEApZ5zoEg5QZhn0Mzj5zHXLjXmVmfaJNHSIjeMSOzTYhn5q2OIHR1VcsN8MS++ld9eFDQcZEj2koKrnAGGFO0/egdcdsWCwGHmfqHLEY2MtzTuMBnNMmDSxceuoYVqhOfDWAd root@ubuntu-xenial
-----END SSH HOST KEY KEYS-----
[   29.971249] cloud-init[1299]: Cloud-init v. 0.7.9 running 'modules:final' at Wed, 13 Dec 2017 03:51:39 +0000. Up 29.42 seconds.
[   30.006085] cloud-init[1299]: ci-info: no authorized ssh keys fingerprints found for user ubuntu.
[   30.029020] cloud-init[1299]: Cloud-init v. 0.7.9 finished at Wed, 13 Dec 2017 03:51:39 +0000. Datasource DataSourceNoCloud [seed=/dev/sdb][dsmode=net].  Up 29.96 seconds
[[0;32m  OK  [0m] Started Execute cloud user/final scripts.
[[0;32m  OK  [0m] Reached target Cloud-init target.

Ubuntu 16.04.3 LTS ubuntu-xenial ttyS0

ubuntu-xenial login: 